\BOOKMARK [1][-]{section.1}{Introduction}{}% 1
\BOOKMARK [2][-]{subsection.1.1}{Goal and Motivation}{section.1}% 2
\BOOKMARK [2][-]{subsection.1.2}{Understanding Bitcoin}{section.1}% 3
\BOOKMARK [2][-]{subsection.1.3}{Difference between crypto-market and other financial markets}{section.1}% 4
\BOOKMARK [2][-]{subsection.1.4}{Twitter as source of emotional state}{section.1}% 5
\BOOKMARK [1][-]{section.2}{Related Work}{}% 6
\BOOKMARK [2][-]{subsection.2.1}{Unrelated prediction algorithms}{section.2}% 7
\BOOKMARK [2][-]{subsection.2.2}{Closely related work}{section.2}% 8
\BOOKMARK [3][-]{subsubsection.2.2.1}{Predicting Bitcoin price fluctuations with Twitter sentiment analysis related1}{subsection.2.2}% 9
\BOOKMARK [3][-]{subsubsection.2.2.2}{Algorithmic Trading of Cryptocurrency Based on Twitter Sentiment Analysis related2}{subsection.2.2}% 10
\BOOKMARK [1][-]{section.3}{Design and Implementation}{}% 11
\BOOKMARK [2][-]{subsection.3.1}{Data collection}{section.3}% 12
\BOOKMARK [2][-]{subsection.3.2}{Sentiment analysis}{section.3}% 13
\BOOKMARK [2][-]{subsection.3.3}{Feature vectors}{section.3}% 14
\BOOKMARK [3][-]{subsubsection.3.3.1}{Price vectors}{subsection.3.3}% 15
\BOOKMARK [3][-]{subsubsection.3.3.2}{Tweet vectors}{subsection.3.3}% 16
\BOOKMARK [2][-]{subsection.3.4}{Performing linear regression}{section.3}% 17
\BOOKMARK [2][-]{subsection.3.5}{Result evaluation}{section.3}% 18
\BOOKMARK [1][-]{section.4}{Evaluation}{}% 19
\BOOKMARK [2][-]{subsection.4.1}{Results}{section.4}% 20
\BOOKMARK [3][-]{subsubsection.4.1.1}{Using price data only}{subsection.4.1}% 21
\BOOKMARK [3][-]{subsubsection.4.1.2}{Using price and Twitter data}{subsection.4.1}% 22
\BOOKMARK [3][-]{subsubsection.4.1.3}{Using Twitter data only}{subsection.4.1}% 23
\BOOKMARK [2][-]{subsection.4.2}{Discussion}{section.4}% 24
\BOOKMARK [1][-]{section.5}{Conclusions}{}% 25
\BOOKMARK [1][-]{section.6}{Future Work}{}% 26
